d:\carrera\2do año\iii ciclo\ccii\proyecto_final_ccii\vetpro\vetpro\x64\debug\vc143.pdb
d:\carrera\2do año\iii ciclo\ccii\proyecto_final_ccii\vetpro\vetpro\x64\debug\.netframework,version=v4.7.2.assemblyattributes.obj
d:\carrera\2do año\iii ciclo\ccii\proyecto_final_ccii\vetpro\vetpro\x64\debug\register.obj
d:\carrera\2do año\iii ciclo\ccii\proyecto_final_ccii\vetpro\vetpro\x64\debug\myform1.obj
d:\carrera\2do año\iii ciclo\ccii\proyecto_final_ccii\vetpro\vetpro\x64\debug\main_menu.obj
d:\carrera\2do año\iii ciclo\ccii\proyecto_final_ccii\vetpro\vetpro\x64\debug\login.obj
d:\carrera\2do año\iii ciclo\ccii\proyecto_final_ccii\vetpro\vetpro\x64\debug\circularpicturebox.obj
d:\carrera\2do año\iii ciclo\ccii\proyecto_final_ccii\vetpro\vetpro\x64\debug\citas.obj
d:\carrera\2do año\iii ciclo\ccii\proyecto_final_ccii\vetpro\vetpro\x64\debug\clientes.obj
d:\carrera\2do año\iii ciclo\ccii\proyecto_final_ccii\vetpro\vetpro\x64\debug\addmascota.obj
d:\carrera\2do año\iii ciclo\ccii\proyecto_final_ccii\vetpro\vetpro\x64\debug\addcliente.obj
c:\users\alejandro\desktop\proyecto_final_ccii-main\vetpro\vetpro\x64\debug\vc143.pdb
c:\users\alejandro\desktop\proyecto_final_ccii-main\vetpro\vetpro\x64\debug\.netframework,version=v4.7.2.assemblyattributes.obj
c:\users\alejandro\desktop\proyecto_final_ccii-main\vetpro\vetpro\x64\debug\register.obj
c:\users\alejandro\desktop\proyecto_final_ccii-main\vetpro\vetpro\x64\debug\citas.obj
c:\users\alejandro\desktop\proyecto_final_ccii-main\vetpro\vetpro\x64\debug\clientes.obj
c:\users\alejandro\desktop\proyecto_final_ccii-main\vetpro\vetpro\x64\debug\circularpicturebox.obj
c:\users\alejandro\desktop\proyecto_final_ccii-main\vetpro\vetpro\x64\debug\addmascota.obj
c:\users\alejandro\desktop\proyecto_final_ccii-main\vetpro\vetpro\x64\debug\addcliente.obj
c:\users\alejandro\desktop\proyecto_final_ccii-main\vetpro\vetpro\x64\debug\addcitas.obj
c:\users\alejandro\desktop\proyecto_final_ccii-main\vetpro\vetpro\x64\debug\main_menu.obj
c:\users\alejandro\desktop\proyecto_final_ccii-main\vetpro\vetpro\x64\debug\login.obj
c:\users\alejandro\desktop\proyecto_final_ccii-main\vetpro\x64\debug\mysql.data.dll
c:\users\alejandro\desktop\proyecto_final_ccii-main\vetpro\x64\debug\system.memory.dll
c:\users\alejandro\desktop\proyecto_final_ccii-main\vetpro\x64\debug\system.buffers.dll
d:\carrera\2do año\iii ciclo\ccii\proyecto_final_ccii\vetpro\x64\debug\vetpro.exe
d:\carrera\2do año\iii ciclo\ccii\proyecto_final_ccii\vetpro\x64\debug\vetpro.pdb
c:\users\alejandro\desktop\proyecto_final_ccii-main\vetpro\x64\debug\vetpro.exe
c:\users\alejandro\desktop\proyecto_final_ccii-main\vetpro\x64\debug\vetpro.pdb
d:\carrera\2do año\iii ciclo\ccii\proyecto_final_ccii\vetpro\vetpro\x64\debug\vetpro.res
c:\users\alejandro\desktop\proyecto_final_ccii-main\vetpro\vetpro\x64\debug\vetpro.res
c:\users\alejandro\desktop\proyecto_final_ccii-main\vetpro\vetpro\x64\debug\myform1.obj
c:\users\alejandro\desktop\proyecto_final_ccii-main\vetpro\vetpro\x64\debug\vetpro.tlog\cl.command.1.tlog
c:\users\alejandro\desktop\proyecto_final_ccii-main\vetpro\vetpro\x64\debug\vetpro.tlog\cl.read.1.tlog
c:\users\alejandro\desktop\proyecto_final_ccii-main\vetpro\vetpro\x64\debug\vetpro.tlog\cl.write.1.tlog
c:\users\alejandro\desktop\proyecto_final_ccii-main\vetpro\vetpro\x64\debug\vetpro.tlog\copylocal.read.1u.tlog
c:\users\alejandro\desktop\proyecto_final_ccii-main\vetpro\vetpro\x64\debug\vetpro.tlog\copylocal.write.1u.tlog
c:\users\alejandro\desktop\proyecto_final_ccii-main\vetpro\vetpro\x64\debug\vetpro.tlog\link.command.1.tlog
c:\users\alejandro\desktop\proyecto_final_ccii-main\vetpro\vetpro\x64\debug\vetpro.tlog\link.read.1.tlog
c:\users\alejandro\desktop\proyecto_final_ccii-main\vetpro\vetpro\x64\debug\vetpro.tlog\link.write.1.tlog
c:\users\alejandro\desktop\proyecto_final_ccii-main\vetpro\vetpro\x64\debug\vetpro.tlog\metagen.read.1.tlog
c:\users\alejandro\desktop\proyecto_final_ccii-main\vetpro\vetpro\x64\debug\vetpro.tlog\metagen.write.1.tlog
c:\users\alejandro\desktop\proyecto_final_ccii-main\vetpro\vetpro\x64\debug\vetpro.tlog\rc.command.1.tlog
c:\users\alejandro\desktop\proyecto_final_ccii-main\vetpro\vetpro\x64\debug\vetpro.tlog\rc.read.1.tlog
c:\users\alejandro\desktop\proyecto_final_ccii-main\vetpro\vetpro\x64\debug\vetpro.tlog\rc.write.1.tlog
c:\users\alejandro\desktop\proyecto_final_ccii-main\vetpro\vetpro\x64\debug\vetpro.tlog\resgen.command.1.tlog
c:\users\alejandro\desktop\proyecto_final_ccii-main\vetpro\vetpro\x64\debug\vetpro.tlog\resgen.read.1.tlog
c:\users\alejandro\desktop\proyecto_final_ccii-main\vetpro\vetpro\x64\debug\vetpro.tlog\resgen.write.1.tlog
